TN:
SF:src/core/db/client.ts
FNF:1
FNH:0
DA:1,46
DA:2,61
DA:4,19
DA:8,0
DA:9,0
DA:10,0
DA:11,0
DA:12,0
DA:13,0
DA:14,0
DA:15,0
DA:16,0
DA:17,0
LF:13
LH:3
end_of_record
TN:
SF:src/core/firebase/admin.ts
FNF:1
FNH:0
DA:1,39
DA:2,66
DA:4,16
DA:6,0
DA:7,0
DA:8,0
DA:9,0
DA:10,0
DA:11,0
DA:12,0
DA:13,0
DA:14,0
DA:15,0
DA:16,0
DA:17,0
DA:18,0
DA:19,0
DA:20,0
DA:21,0
DA:22,0
LF:20
LH:3
end_of_record
TN:
SF:src/core/firebase/messaging.ts
FNF:1
FNH:0
DA:1,56
DA:2,43
DA:3,41
DA:5,0
DA:6,0
DA:7,0
DA:8,0
DA:9,0
DA:10,0
DA:11,0
DA:12,0
DA:13,0
DA:14,0
DA:15,0
DA:16,0
DA:17,0
DA:18,0
DA:19,0
DA:20,0
DA:21,0
DA:22,0
DA:23,0
DA:24,0
DA:25,0
LF:24
LH:3
end_of_record
TN:
SF:src/core/gemini/client.ts
FNF:9
FNH:0
DA:3,1
DA:5,0
DA:6,0
DA:7,0
DA:8,0
DA:9,0
DA:10,0
DA:11,0
DA:12,18
DA:17,0
DA:18,20
DA:21,96
DA:24,108
DA:26,0
DA:27,0
DA:28,0
DA:29,0
DA:30,0
DA:31,0
DA:32,0
DA:33,0
DA:34,30
DA:37,0
DA:38,0
DA:39,0
DA:40,0
DA:41,0
DA:42,0
DA:43,49
DA:62,112
DA:63,0
DA:64,0
DA:65,0
DA:66,0
DA:67,0
DA:68,46
DA:70,2
DA:81,0
DA:82,0
DA:83,0
DA:84,0
DA:85,0
DA:86,0
DA:87,0
DA:88,0
DA:89,0
DA:90,0
DA:91,0
DA:92,0
DA:93,0
DA:94,0
DA:95,0
DA:96,0
DA:97,0
DA:98,0
DA:99,0
DA:100,0
DA:101,0
DA:102,0
DA:103,0
DA:104,0
DA:105,0
DA:106,0
DA:107,0
DA:108,0
DA:109,8
DA:120,0
DA:121,0
DA:122,0
DA:123,0
DA:124,0
DA:125,0
DA:126,0
DA:127,0
DA:128,0
DA:129,0
DA:130,0
DA:131,0
DA:132,0
DA:133,0
DA:134,0
DA:135,0
DA:136,0
DA:137,0
DA:138,0
DA:139,0
DA:140,0
DA:141,0
DA:142,0
DA:143,0
DA:144,0
DA:145,0
DA:146,0
DA:147,0
DA:148,0
DA:149,0
DA:150,27
DA:155,0
DA:156,0
DA:157,0
DA:158,0
DA:159,0
DA:160,0
DA:161,0
DA:162,4
DA:165,0
DA:166,0
DA:167,0
DA:168,58
LF:109
LH:14
end_of_record
TN:
SF:src/core/lib/resolve-user.ts
FNF:3
FNH:2
DA:9,41
DA:11,52
DA:12,0
DA:13,0
DA:14,1
DA:16,1
DA:18,6
DA:19,13
DA:20,6
DA:21,3
DA:22,29
DA:26,42
DA:27,27
DA:28,55
DA:29,42
DA:30,22
DA:31,5
DA:32,13
LF:18
LH:16
end_of_record
TN:
SF:src/core/middleware/auth.middleware.ts
FNF:7
FNH:7
DA:1,32
DA:2,46
DA:3,52
DA:7,1
DA:8,11
DA:9,3
DA:10,55
DA:11,58
DA:12,16
DA:13,9
DA:14,75
DA:15,58
DA:16,11
DA:17,12
DA:28,65
DA:29,17
DA:30,20
DA:31,48
DA:32,1
DA:33,3
DA:38,64
DA:39,7
DA:40,17
DA:41,20
DA:42,48
DA:43,1
DA:44,2
DA:45,54
DA:46,15
DA:47,21
DA:48,32
DA:49,1
DA:50,2
LF:33
LH:33
end_of_record
TN:
SF:src/core/middleware/require_role.ts
FNF:6
FNH:6
DA:1,32
DA:2,46
DA:3,52
DA:15,1
DA:16,11
DA:17,3
DA:18,55
DA:19,58
DA:20,16
DA:21,9
DA:22,75
DA:23,38
DA:24,55
DA:25,64
DA:26,11
DA:27,12
DA:49,19
DA:50,53
DA:51,7
DA:52,17
DA:53,6
DA:54,15
DA:55,5
DA:56,57
DA:57,2
DA:58,2
DA:59,56
DA:60,17
DA:61,23
DA:62,32
DA:63,4
DA:64,11
DA:65,21
DA:66,47
DA:67,25
DA:68,15
DA:69,23
DA:70,29
DA:71,2
DA:72,1
LF:40
LH:40
end_of_record
TN:
SF:src/core/rag/retrieval.ts
FNF:3
FNH:3
DA:1,41
DA:2,41
DA:16,6
DA:17,6
DA:18,9
DA:19,3
DA:20,35
DA:21,38
DA:23,48
DA:24,29
DA:26,101
DA:28,165
DA:31,34
DA:32,11
DA:35,75
LF:15
LH:15
end_of_record
TN:
SF:src/core/supabase/client.ts
FNF:1
FNH:0
DA:1,53
DA:3,19
DA:5,0
DA:6,0
DA:7,0
DA:8,0
DA:9,0
DA:10,0
DA:11,0
DA:12,0
DA:13,0
DA:14,0
DA:15,0
DA:16,0
DA:17,0
DA:18,0
LF:16
LH:2
end_of_record
TN:
SF:src/core/supabase/storage.ts
FNF:4
FNH:0
DA:1,37
DA:2,39
DA:4,0
DA:5,0
DA:6,0
DA:7,0
DA:8,0
DA:9,0
DA:10,0
DA:11,0
DA:12,0
DA:13,0
DA:14,0
DA:15,0
DA:16,0
DA:17,1
DA:20,0
DA:21,0
DA:22,0
DA:23,0
DA:24,0
DA:25,0
DA:26,0
DA:27,0
DA:28,0
DA:29,1
DA:32,0
DA:33,0
DA:34,1
DA:43,0
DA:44,0
DA:45,0
DA:46,0
DA:47,0
DA:48,0
DA:49,0
DA:50,0
DA:51,0
DA:52,0
DA:53,0
DA:54,0
DA:55,0
DA:56,0
DA:57,0
DA:58,0
DA:59,0
DA:60,0
DA:61,0
LF:48
LH:5
end_of_record
TN:
SF:src/features/admin-reports/admin-reports.route.ts
FNF:11
FNH:11
DA:1,35
DA:2,133
DA:8,65
DA:9,122
DA:18,65
DA:19,49
DA:21,73
DA:22,26
DA:24,4
DA:25,9
DA:26,41
DA:27,3
DA:28,57
DA:29,29
DA:31,2
DA:33,4
DA:34,7
DA:35,23
DA:36,44
DA:37,69
DA:38,19
DA:40,3
DA:41,20
DA:42,60
DA:44,2
DA:46,5
DA:47,15
DA:48,35
DA:49,71
DA:50,69
DA:51,92
DA:53,3
DA:54,20
DA:55,33
DA:56,54
DA:58,2
DA:60,5
DA:61,14
DA:62,35
DA:63,70
DA:64,14
DA:65,92
DA:67,3
DA:68,20
DA:69,33
DA:70,54
DA:72,2
DA:74,5
DA:75,12
DA:76,35
DA:77,68
DA:78,14
DA:79,92
DA:81,3
DA:82,20
DA:83,33
DA:84,54
DA:86,2
DA:88,5
DA:89,14
DA:90,35
DA:91,70
DA:92,14
DA:93,92
DA:95,3
DA:96,20
DA:97,33
DA:98,54
DA:100,2
LF:69
LH:69
end_of_record
TN:
SF:src/features/admin-reports/admin-reports.service.ts
FNF:18
FNH:16
DA:1,49
DA:2,64
DA:3,62
DA:16,19
DA:20,3
DA:21,29
DA:22,43
DA:24,69
DA:25,30
DA:26,75
DA:27,64
DA:28,17
DA:29,17
DA:30,20
DA:31,21
DA:32,27
DA:33,24
DA:34,25
DA:35,75
DA:36,52
DA:37,24
DA:38,36
DA:39,41
DA:40,18
DA:41,32
DA:42,7
DA:43,5
DA:44,7
DA:45,77
DA:46,74
DA:47,5
DA:49,38
DA:50,13
DA:51,19
DA:52,34
DA:53,40
DA:54,40
DA:55,43
DA:56,21
DA:57,33
DA:58,42
DA:59,56
DA:60,68
DA:61,5
DA:63,45
DA:70,18
DA:71,29
DA:73,51
DA:74,28
DA:75,15
DA:76,15
DA:77,18
DA:78,24
DA:79,19
DA:80,25
DA:81,29
DA:82,33
DA:83,39
DA:84,23
DA:85,22
DA:86,73
DA:87,24
DA:88,90
DA:89,8
DA:90,22
DA:91,38
DA:92,76
DA:93,5
DA:94,3
DA:95,5
DA:97,28
DA:99,25
DA:100,38
DA:101,0
DA:102,0
DA:103,0
DA:104,0
DA:105,0
DA:106,0
DA:107,0
DA:108,2
DA:110,55
DA:111,38
DA:112,4
DA:114,0
DA:115,0
DA:116,0
DA:117,0
DA:118,0
DA:119,0
DA:120,4
DA:122,0
DA:123,0
DA:124,0
DA:125,0
DA:126,0
DA:127,4
DA:129,12
DA:130,18
DA:131,24
DA:132,36
DA:133,39
DA:134,45
DA:135,45
DA:136,48
DA:137,26
DA:138,38
DA:139,46
DA:140,54
DA:141,18
DA:142,19
DA:143,12
DA:144,17
DA:145,15
DA:146,73
DA:147,2
DA:154,16
DA:155,20
DA:157,11
DA:160,3
DA:161,9
DA:162,60
DA:163,34
DA:165,44
DA:166,73
DA:167,40
DA:168,42
DA:170,51
DA:171,0
DA:172,1
DA:182,6
DA:183,10
DA:184,9
DA:185,7
DA:186,3
DA:187,29
DA:188,51
DA:189,28
DA:190,40
DA:191,5
DA:192,28
DA:194,49
DA:195,28
DA:196,30
DA:197,57
DA:198,55
DA:199,7
DA:200,38
DA:201,58
DA:202,4
DA:203,5
DA:205,22
DA:206,0
DA:207,0
DA:208,0
DA:209,0
DA:210,2
DA:212,80
DA:215,6
DA:216,10
DA:217,9
DA:218,7
DA:219,3
DA:220,29
DA:221,51
DA:222,28
DA:223,40
DA:224,5
DA:225,17
DA:227,49
DA:228,28
DA:229,30
DA:230,60
DA:231,55
DA:232,7
DA:233,38
DA:234,57
DA:235,4
DA:236,5
DA:238,22
DA:239,0
DA:240,0
DA:241,0
DA:242,0
DA:243,2
DA:245,80
DA:248,6
DA:249,10
DA:250,9
DA:251,7
DA:252,3
DA:253,29
DA:254,51
DA:255,28
DA:256,22
DA:257,5
DA:258,17
DA:260,49
DA:261,28
DA:262,30
DA:263,54
DA:264,55
DA:265,7
DA:266,38
DA:267,55
DA:268,4
DA:269,5
DA:271,80
DA:274,6
DA:275,10
DA:276,9
DA:277,7
DA:278,3
DA:279,29
DA:280,51
DA:281,28
DA:282,22
DA:283,5
DA:284,17
DA:286,49
DA:287,28
DA:288,30
DA:289,55
DA:290,55
DA:291,7
DA:292,38
DA:293,57
DA:294,4
DA:295,5
DA:297,79
LF:230
LH:203
end_of_record
TN:
SF:src/features/announcements/announcements.route.ts
FNF:5
FNH:4
DA:1,35
DA:2,90
DA:3,49
DA:5,46
DA:6,4
DA:7,17
DA:8,17
DA:9,29
DA:10,48
DA:12,53
DA:13,35
DA:14,37
DA:15,16
DA:16,99
DA:17,5
DA:19,12
DA:20,0
DA:21,0
DA:22,0
DA:23,0
DA:24,0
DA:25,0
DA:26,3
DA:27,3
DA:29,3
DA:30,81
DA:31,35
DA:33,2
DA:34,4
DA:35,21
DA:36,26
DA:37,29
DA:39,53
DA:40,50
DA:41,111
DA:42,5
DA:44,14
DA:45,44
DA:46,0
DA:48,0
DA:49,0
DA:50,0
DA:51,0
DA:52,0
DA:53,0
DA:54,0
DA:55,0
DA:56,0
DA:57,0
DA:58,0
DA:59,2
DA:61,3
DA:62,57
DA:63,15
DA:64,36
DA:65,40
DA:66,2
DA:68,2
LF:58
LH:40
end_of_record
TN:
SF:src/features/ask-ai/ask-ai.gemini.ts
FNF:9
FNH:6
DA:5,125
DA:16,26
DA:17,17
DA:18,17
DA:19,14
DA:20,21
DA:21,13
DA:22,145
DA:23,6
DA:24,23
DA:25,22
DA:26,105
DA:27,6
DA:28,22
DA:29,22
DA:30,144
DA:31,6
DA:32,19
DA:33,22
DA:34,139
DA:35,6
DA:36,14
DA:37,21
DA:38,21
DA:39,21
DA:40,34
DA:41,40
DA:42,25
DA:43,25
DA:44,19
DA:45,34
DA:46,27
DA:47,22
DA:48,30
DA:49,20
DA:50,31
DA:51,24
DA:52,9
DA:53,10
DA:54,61
DA:55,33
DA:56,25
DA:57,25
DA:58,45
DA:59,7
DA:60,8
DA:61,54
DA:62,6
DA:63,25
DA:64,20
DA:65,32
DA:66,95
DA:67,6
DA:68,21
DA:69,20
DA:70,16
DA:71,23
DA:72,76
DA:73,8
DA:74,13
DA:75,173
DA:76,3
DA:77,4
DA:78,15
DA:79,12
DA:80,21
DA:81,20
DA:82,17
DA:83,23
DA:84,16
DA:85,2
DA:86,2
DA:88,5003
DA:191,11
DA:192,19
DA:193,22
DA:194,102
DA:195,11
DA:196,155
DA:197,6
DA:198,17
DA:199,2
DA:200,28
DA:201,17
DA:202,36
DA:203,0
DA:204,0
DA:205,0
DA:206,0
DA:207,0
DA:208,0
DA:209,0
DA:210,2
DA:211,29
DA:212,0
DA:213,0
DA:214,0
DA:215,0
DA:216,0
DA:217,2
DA:218,49
DA:219,17
DA:220,75
DA:221,21
DA:224,12
DA:225,12
DA:226,7
DA:227,17
DA:228,426
DA:229,120
DA:230,26
DA:231,25
DA:232,22
DA:233,16
DA:234,25
DA:235,18
DA:236,2
DA:241,41
DA:252,15
DA:253,36
DA:254,9
DA:255,61
DA:256,23
DA:257,25
DA:258,68
DA:259,8
DA:260,60
DA:261,37
DA:262,9
DA:263,12
DA:264,0
DA:265,0
DA:266,0
DA:267,0
DA:268,6
DA:269,37
DA:270,4
DA:271,69
DA:272,38
DA:273,17
DA:274,46
DA:275,0
DA:276,13
DA:277,68
DA:279,35
DA:286,1
DA:287,5
DA:288,7
DA:289,3
DA:290,56
DA:291,54
DA:292,8
DA:293,14
DA:296,52
DA:297,0
DA:298,0
DA:299,0
DA:300,0
DA:302,4
DA:308,80
DA:310,32
DA:314,43
DA:315,57
DA:316,0
DA:317,0
DA:318,2
DA:323,15
DA:324,15
DA:325,25
DA:326,37
DA:327,39
DA:328,55
DA:329,60
DA:334,4
DA:335,2
DA:336,12
DA:337,59
DA:338,48
DA:339,18
DA:340,15
DA:341,10
DA:342,21
DA:343,14
DA:344,2
DA:347,26
DA:348,14
DA:349,18
DA:350,16
DA:351,1
LF:189
LH:166
end_of_record
TN:
SF:src/features/ask-ai/ask-ai.limits.ts
FNF:6
FNH:6
DA:25,13
DA:26,18
DA:27,66
DA:28,55
DA:29,10
DA:30,38
DA:31,77
DA:33,2
DA:35,98
DA:36,13
DA:37,84
DA:38,67
DA:39,18
DA:40,10
DA:41,38
DA:42,75
DA:44,2
DA:53,73
DA:54,66
DA:55,92
DA:56,58
DA:57,96
DA:58,28
DA:59,38
DA:60,64
DA:61,56
DA:62,6
DA:63,10
DA:64,67
DA:65,60
DA:66,10
DA:67,32
DA:68,152
DA:69,5
DA:70,5
DA:78,60
DA:79,109
DA:80,62
DA:81,100
DA:82,10
DA:83,48
DA:84,5
DA:85,5
DA:86,72
DA:87,81
DA:88,5
DA:89,111
DA:90,62
DA:91,70
DA:92,10
DA:93,44
DA:94,5
DA:95,5
DA:98,51
DA:99,47
DA:100,38
DA:101,34
DA:102,18
DA:103,22
DA:104,19
DA:105,23
DA:106,18
DA:107,22
DA:108,24
DA:109,31
DA:111,18
LF:66
LH:66
end_of_record
TN:
SF:src/features/ask-ai/ask-ai.repository.ts
FNF:28
FNH:24
DA:3,49
DA:4,55
DA:20,17
DA:21,29
DA:22,41
DA:23,21
DA:24,39
DA:25,3
DA:28,33
DA:29,29
DA:30,44
DA:31,42
DA:32,15
DA:33,15
DA:34,22
DA:35,26
DA:36,27
DA:37,20
DA:38,3
DA:39,3
DA:49,6
DA:50,16
DA:51,14
DA:55,3
DA:56,36
DA:57,29
DA:58,60
DA:59,14
DA:60,32
DA:61,31
DA:62,6
DA:63,15
DA:64,15
DA:65,24
DA:66,21
DA:67,19
DA:68,3
DA:69,5
DA:70,57
DA:71,49
DA:72,21
DA:73,36
DA:74,27
DA:75,16
DA:76,18
DA:77,2
DA:78,15
DA:81,6
DA:82,16
DA:83,8
DA:84,3
DA:85,29
DA:86,40
DA:87,34
DA:88,13
DA:89,12
DA:90,18
DA:91,15
DA:92,10
DA:93,3
DA:94,5
DA:97,23
DA:98,29
DA:99,55
DA:100,22
DA:101,39
DA:102,16
DA:103,15
DA:104,15
DA:105,22
DA:106,26
DA:107,27
DA:108,19
DA:109,38
DA:110,16
DA:111,31
DA:112,5
DA:113,3
DA:114,5
DA:115,28
DA:116,13
DA:117,27
DA:118,35
DA:119,37
DA:120,53
DA:121,3
DA:124,6
DA:125,16
DA:126,6
DA:127,3
DA:128,29
DA:129,50
DA:130,30
DA:131,37
DA:132,15
DA:133,15
DA:134,15
DA:135,17
DA:136,20
DA:137,27
DA:138,22
DA:139,22
DA:140,19
DA:141,19
DA:142,28
DA:143,25
DA:144,23
DA:145,7
DA:146,5
DA:147,3
DA:148,5
DA:149,28
DA:150,13
DA:151,17
DA:152,23
DA:153,37
DA:154,27
DA:155,28
DA:156,3
DA:165,6
DA:166,16
DA:167,9
DA:168,18
DA:169,3
DA:170,29
DA:171,38
DA:172,45
DA:173,15
DA:174,23
DA:175,21
DA:176,16
DA:177,27
DA:178,8
DA:179,17
DA:180,17
DA:181,19
DA:182,22
DA:183,29
DA:184,21
DA:185,5
DA:186,7
DA:187,23
DA:188,34
DA:189,37
DA:190,59
DA:191,19
DA:192,30
DA:193,39
DA:194,33
DA:195,40
DA:196,12
DA:197,21
DA:198,21
DA:199,30
DA:200,27
DA:201,25
DA:202,9
DA:203,11
DA:204,24
DA:205,4
DA:206,4
DA:207,14
DA:208,17
DA:209,19
DA:210,27
DA:211,41
DA:212,31
DA:213,24
DA:214,2
DA:215,2
DA:218,6
DA:219,16
DA:220,9
DA:221,15
DA:222,3
DA:223,29
DA:224,47
DA:225,13
DA:226,21
DA:227,24
DA:228,14
DA:229,18
DA:230,6
DA:231,15
DA:232,15
DA:233,17
DA:234,20
DA:235,27
DA:236,19
DA:237,3
DA:238,5
DA:239,12
DA:240,15
DA:241,22
DA:242,25
DA:243,39
DA:244,29
DA:245,17
DA:246,2
DA:249,24
DA:250,29
DA:251,40
DA:252,34
DA:253,35
DA:254,5
DA:257,32
DA:258,29
DA:260,57
DA:261,42
DA:262,22
DA:263,5
DA:264,28
DA:265,72
DA:266,12
DA:269,19
DA:270,39
DA:271,0
DA:272,0
DA:273,0
DA:274,0
DA:275,0
DA:276,0
DA:277,0
DA:278,0
DA:279,0
DA:280,0
DA:282,0
DA:283,0
DA:284,0
DA:285,0
DA:286,0
DA:287,0
DA:288,0
DA:289,0
DA:290,0
DA:291,0
DA:292,0
LF:237
LH:216
end_of_record
TN:
SF:src/features/ask-ai/ask-ai.route.ts
FNF:14
FNH:14
DA:4,35
DA:5,206
DA:14,68
DA:15,68
DA:16,170
DA:27,107
DA:33,63
DA:34,68
DA:36,59
DA:37,17
DA:38,5
DA:39,17
DA:40,16
DA:41,64
DA:42,32
DA:44,3
DA:45,51
DA:47,2
DA:48,4
DA:49,17
DA:50,16
DA:51,64
DA:52,31
DA:54,3
DA:55,49
DA:57,2
DA:58,4
DA:59,21
DA:60,29
DA:61,9
DA:62,66
DA:63,45
DA:64,17
DA:65,37
DA:66,30
DA:67,45
DA:68,0
DA:69,2
DA:72,3
DA:73,18
DA:74,59
DA:76,2
DA:77,7
DA:78,21
DA:79,29
DA:80,9
DA:81,66
DA:82,45
DA:83,20
DA:84,17
DA:85,37
DA:86,30
DA:87,45
DA:88,0
DA:89,2
DA:92,3
DA:93,18
DA:94,15
DA:95,43
DA:96,16
DA:97,2
DA:99,2
DA:100,5
DA:101,30
DA:102,35
DA:103,9
DA:104,66
DA:105,50
DA:106,17
DA:107,4
DA:108,29
DA:109,39
DA:110,35
DA:111,7
DA:112,30
DA:113,45
DA:114,0
DA:115,2
DA:118,3
DA:119,18
DA:120,25
DA:121,15
DA:122,27
DA:123,19
DA:124,19
DA:125,16
DA:126,2
DA:128,2
DA:134,5
DA:135,40
DA:136,35
DA:137,9
DA:138,19
DA:139,60
DA:140,63
DA:141,15
DA:142,57
DA:143,27
DA:144,59
DA:145,30
DA:146,4
DA:147,5
DA:148,39
DA:149,11
DA:150,9
DA:151,28
DA:152,55
DA:153,24
DA:154,9
DA:155,4
DA:156,4
DA:159,67
DA:160,23
DA:161,70
DA:162,4
DA:163,66
DA:164,70
DA:165,17
DA:166,4
DA:167,29
DA:168,39
DA:169,35
DA:170,7
DA:171,30
DA:172,45
DA:173,0
DA:174,2
DA:177,3
DA:178,18
DA:179,20
DA:182,43
DA:183,36
DA:184,31
DA:185,31
DA:186,28
DA:187,5
DA:188,15
DA:189,27
DA:190,19
DA:191,19
DA:192,19
DA:193,19
DA:194,16
DA:195,2
DA:197,2
DA:201,6
DA:202,27
DA:203,35
DA:204,9
DA:205,66
DA:206,59
DA:207,41
DA:208,17
DA:209,37
DA:210,30
DA:211,45
DA:212,0
DA:213,2
DA:216,3
DA:217,18
DA:218,32
DA:219,15
DA:220,21
DA:221,26
DA:222,55
DA:223,7
DA:224,19
DA:225,16
DA:226,2
DA:228,2
LF:170
LH:165
end_of_record
TN:
SF:src/features/ask-ai/ask-ai.service.ts
FNF:30
FNH:27
DA:34,13
DA:35,18
DA:36,66
DA:37,55
DA:38,10
DA:39,38
DA:40,57
DA:42,2
DA:44,72
DA:45,64
DA:46,70
DA:48,46
DA:49,15
DA:50,6
DA:51,104
DA:52,24
DA:53,54
DA:54,80
DA:55,6
DA:58,45
DA:59,15
DA:60,6
DA:61,154
DA:62,71
DA:63,26
DA:64,82
DA:65,98
DA:66,46
DA:67,68
DA:68,11
DA:69,36
DA:72,43
DA:73,16
DA:74,31
DA:75,6
DA:76,134
DA:77,31
DA:78,131
DA:79,5
DA:80,118
DA:81,98
DA:82,62
DA:83,115
DA:84,108
DA:85,32
DA:86,54
DA:87,12
DA:88,33
DA:89,80
DA:90,56
DA:91,34
DA:92,58
DA:93,78
DA:94,102
DA:95,6
DA:96,12
DA:97,5
DA:98,5
DA:99,24
DA:100,32
DA:101,88
DA:102,80
DA:103,124
DA:104,20
DA:105,42
DA:106,6
DA:114,39
DA:115,16
DA:116,32
DA:117,17
DA:118,6
DA:119,134
DA:120,31
DA:121,131
DA:122,5
DA:123,53
DA:124,106
DA:125,47
DA:126,5
DA:127,100
DA:128,49
DA:129,160
DA:130,37
DA:131,42
DA:132,144
DA:133,10
DA:134,36
DA:135,7
DA:136,5
DA:137,5
DA:138,108
DA:139,53
DA:142,45
DA:143,114
DA:144,36
DA:145,161
DA:146,101
DA:147,50
DA:148,129
DA:149,80
DA:150,58
DA:151,149
DA:152,106
DA:153,105
DA:154,61
DA:155,55
DA:156,5
DA:157,7
DA:158,24
DA:159,38
DA:160,62
DA:161,66
DA:162,42
DA:163,50
DA:164,40
DA:165,56
DA:166,5
DA:169,46
DA:170,18
DA:171,119
DA:172,17
DA:173,74
DA:174,18
DA:178,99
DA:179,134
DA:180,27
DA:181,131
DA:182,5
DA:190,38
DA:191,16
DA:192,32
DA:193,18
DA:194,36
DA:195,15
DA:196,6
DA:197,134
DA:198,31
DA:199,131
DA:200,5
DA:204,82
DA:206,112
DA:207,31
DA:208,32
DA:209,5
DA:210,22
DA:211,4
DA:212,5
DA:213,67
DA:214,48
DA:215,5
DA:220,66
DA:221,67
DA:222,174
DA:223,158
DA:224,60
DA:225,34
DA:226,14
DA:227,64
DA:228,36
DA:229,54
DA:230,66
DA:231,10
DA:232,5
DA:234,98
DA:235,32
DA:236,18
DA:237,38
DA:238,8
DA:242,114
DA:243,64
DA:244,76
DA:245,66
DA:246,60
DA:249,54
DA:250,18
DA:251,158
DA:252,154
DA:253,17
DA:255,54
DA:258,64
DA:259,60
DA:260,0
DA:261,0
DA:262,0
DA:263,0
DA:264,0
DA:265,0
DA:266,14
DA:267,62
DA:268,75
DA:269,135
DA:270,27
DA:271,16
DA:272,10
DA:274,118
DA:275,32
DA:276,24
DA:277,38
DA:278,8
DA:280,94
DA:282,24
DA:283,102
DA:284,122
DA:285,80
DA:286,64
DA:287,76
DA:288,44
DA:289,88
DA:290,66
DA:291,6
DA:295,42
DA:296,16
DA:297,32
DA:298,12
DA:299,6
DA:302,79
DA:303,42
DA:304,100
DA:305,10
DA:306,30
DA:307,5
DA:308,5
DA:309,147
DA:312,41
DA:313,76
DA:314,64
DA:315,50
DA:316,22
DA:317,154
DA:318,19
DA:321,51
DA:322,35
DA:323,9
DA:324,16
DA:326,28
DA:327,30
DA:328,54
DA:329,74
DA:330,26
DA:331,7
DA:332,2
DA:333,8
DA:334,24
DA:335,26
DA:336,34
DA:337,46
DA:338,74
DA:339,82
DA:340,26
DA:341,5
LF:250
LH:244
end_of_record
TN:
SF:src/features/auth/auth.route.ts
FNF:2
FNH:2
DA:1,32
DA:2,54
DA:3,68
DA:4,49
DA:17,37
DA:18,17
DA:19,5
DA:20,13
DA:21,16
DA:22,29
DA:23,45
DA:24,37
DA:25,15
DA:26,28
DA:27,21
DA:28,6
DA:29,15
DA:30,21
DA:31,3
DA:32,5
DA:33,12
DA:34,13
DA:35,20
DA:36,38
DA:37,26
DA:38,38
DA:39,24
DA:40,47
DA:41,3
DA:42,3
DA:44,30
DA:45,2
LF:32
LH:32
end_of_record
TN:
SF:src/features/check/check.route.ts
FNF:3
FNH:3
DA:1,32
DA:2,84
DA:3,71
DA:4,58
DA:6,38
DA:7,20
DA:9,5
DA:10,9
DA:11,23
DA:12,53
DA:14,47
DA:15,2
DA:17,4
DA:18,16
DA:19,8
DA:20,39
DA:21,56
DA:23,31
DA:24,2
LF:19
LH:19
end_of_record
TN:
SF:src/features/check/check.service.ts
FNF:17
FNH:14
DA:1,49
DA:2,56
DA:3,63
DA:6,9
DA:7,50
DA:8,37
DA:9,15
DA:12,9
DA:13,9
DA:14,52
DA:15,33
DA:16,0
DA:17,0
DA:21,9
DA:22,84
DA:23,39
DA:24,42
DA:25,8
DA:28,1
DA:29,9
DA:30,5
DA:31,3
DA:32,54
DA:33,94
DA:34,103
DA:36,383
DA:46,9
DA:47,43
DA:48,63
DA:49,39
DA:50,67
DA:51,21
DA:52,0
DA:53,1
DA:54,16
DA:55,17
DA:59,10
DA:60,29
DA:61,47
DA:62,14
DA:63,25
DA:64,36
DA:65,45
DA:66,6
DA:67,46
DA:68,5
DA:69,65
DA:72,6
DA:73,9
DA:74,6
DA:75,7
DA:76,3
DA:77,27
DA:78,29
DA:80,19
DA:81,18
DA:82,25
DA:83,16
DA:84,23
DA:85,16
DA:87,23
DA:88,19
DA:91,44
DA:92,49
DA:93,76
DA:94,38
DA:95,15
DA:96,17
DA:97,17
DA:98,20
DA:99,45
DA:100,22
DA:101,5
DA:102,7
DA:104,15
DA:105,35
DA:106,18
DA:107,15
DA:108,21
DA:109,32
DA:110,42
DA:111,7
DA:113,47
DA:114,2
DA:117,64
DA:118,23
DA:119,11
DA:120,61
DA:121,29
DA:122,47
DA:123,0
DA:124,0
DA:125,0
DA:126,0
DA:127,0
DA:128,0
DA:129,0
DA:130,0
DA:131,0
DA:132,0
DA:133,0
DA:134,0
DA:135,0
DA:136,0
DA:137,0
DA:138,0
DA:139,0
DA:140,0
DA:141,0
DA:142,15
DA:143,54
DA:145,0
DA:147,2
DA:149,2
DA:152,43
DA:153,57
DA:154,72
DA:155,116
DA:156,78
DA:157,2
DA:160,9
DA:161,42
DA:162,36
DA:163,15
DA:164,31
DA:165,24
DA:166,36
DA:167,24
DA:168,16
DA:169,35
DA:170,35
DA:171,5
DA:172,5
DA:173,2
DA:177,57
LF:135
LH:112
end_of_record
TN:
SF:src/features/health/health.route.ts
FNF:1
FNH:1
DA:1,32
DA:2,52
DA:4,43
DA:5,10
DA:6,21
DA:7,28
DA:8,2
LF:7
LH:7
end_of_record
TN:
SF:src/features/reports/reports.route.ts
FNF:14
FNH:14
DA:1,35
DA:2,149
DA:10,49
DA:11,68
DA:12,59
DA:13,68
DA:14,86
DA:20,44
DA:21,11
DA:22,17
DA:23,29
DA:24,48
DA:25,28
DA:26,35
DA:27,67
DA:28,4
DA:29,42
DA:31,39
DA:32,11
DA:33,18
DA:34,54
DA:35,60
DA:36,70
DA:37,67
DA:38,4
DA:39,2
DA:40,26
DA:41,43
DA:42,2
DA:44,47
DA:45,10
DA:46,36
DA:47,16
DA:48,29
DA:49,5
DA:51,32
DA:52,19
DA:53,24
DA:54,40
DA:55,49
DA:56,18
DA:57,29
DA:58,64
DA:59,7
DA:60,7
DA:61,4
DA:62,14
DA:63,15
DA:64,21
DA:65,43
DA:66,36
DA:67,42
DA:68,42
DA:69,62
DA:70,15
DA:71,2
DA:72,1
DA:73,4
DA:75,34
DA:76,52
DA:77,2
DA:79,18
DA:81,3
DA:82,21
DA:83,62
DA:84,48
DA:85,42
DA:86,78
DA:87,5
DA:88,29
DA:90,2
DA:91,4
DA:92,15
DA:93,31
DA:94,29
DA:96,50
DA:97,38
DA:98,50
DA:99,5
DA:101,69
DA:103,55
DA:104,0
DA:105,0
DA:106,0
DA:107,0
DA:108,0
DA:109,2
DA:110,3
DA:112,40
DA:113,35
DA:114,25
DA:115,11
DA:116,68
DA:117,4
DA:120,14
DA:121,15
DA:122,16
DA:123,19
DA:124,24
DA:125,2
DA:126,1
DA:127,4
DA:129,12
DA:130,18
DA:131,24
DA:132,36
DA:133,39
DA:134,45
DA:135,45
DA:136,70
DA:137,16
DA:138,54
DA:139,62
DA:140,15
DA:141,3
DA:143,3
DA:144,39
DA:145,15
DA:146,30
DA:147,38
DA:148,2
DA:150,2
DA:159,17
DA:160,5
DA:161,20
DA:162,27
DA:163,25
DA:164,52
DA:165,0
DA:166,0
DA:167,2
DA:168,9
DA:169,59
DA:170,66
DA:171,46
DA:172,22
DA:173,22
DA:174,9
DA:175,7
DA:176,12
DA:177,17
DA:178,44
DA:179,30
DA:180,45
DA:181,0
DA:182,2
DA:185,3
DA:186,20
DA:187,15
DA:188,5
DA:189,15
DA:190,32
DA:191,59
DA:192,59
DA:193,56
DA:194,2
DA:196,2
DA:199,5
DA:200,11
DA:201,27
DA:202,9
DA:203,66
DA:204,37
DA:205,17
DA:206,44
DA:207,30
DA:208,45
DA:209,0
DA:210,2
DA:213,3
DA:214,28
DA:215,15
DA:216,30
DA:217,56
DA:218,2
DA:220,2
LF:176
LH:167
end_of_record
TN:
SF:src/features/reports/reports.service.ts
FNF:12
FNH:11
DA:35,13
DA:36,18
DA:37,66
DA:38,55
DA:39,10
DA:40,38
DA:41,71
DA:43,2
DA:45,80
DA:46,30
DA:47,28
DA:48,30
DA:49,28
DA:50,36
DA:51,6
DA:52,72
DA:53,70
DA:54,62
DA:74,42
DA:75,16
DA:76,11
DA:77,6
DA:78,58
DA:79,93
DA:80,56
DA:81,76
DA:82,10
DA:83,48
DA:84,5
DA:85,5
DA:86,151
DA:87,90
DA:88,82
DA:89,5
DA:90,60
DA:91,66
DA:92,5
DA:94,72
DA:95,114
DA:96,144
DA:97,52
DA:98,30
DA:99,10
DA:101,24
DA:102,32
DA:103,115
DA:104,26
DA:105,58
DA:106,5
DA:109,39
DA:110,47
DA:111,38
DA:112,39
DA:113,36
DA:114,34
DA:115,19
DA:116,23
DA:117,18
DA:118,27
DA:119,48
DA:120,43
DA:122,19
DA:126,40
DA:127,24
DA:128,13
DA:129,6
DA:130,58
DA:133,110
DA:134,80
DA:135,76
DA:136,10
DA:137,83
DA:138,56
DA:139,88
DA:140,10
DA:141,38
DA:142,5
DA:143,5
DA:148,69
DA:149,116
DA:150,108
DA:151,32
DA:152,38
DA:153,68
DA:159,54
DA:160,58
DA:161,16
DA:162,116
DA:163,68
DA:164,14
DA:165,41
DA:166,32
DA:167,48
DA:168,52
DA:169,98
DA:170,7
DA:171,3
DA:172,5
DA:174,116
DA:175,132
DA:176,110
DA:177,36
DA:178,40
DA:179,8
DA:184,128
DA:185,34
DA:190,10
DA:191,65
DA:192,79
DA:193,56
DA:194,126
DA:195,10
DA:196,58
DA:197,7
DA:198,9
DA:199,126
DA:200,32
DA:201,64
DA:202,40
DA:203,54
DA:204,86
DA:205,56
DA:206,18
DA:207,14
DA:208,16
DA:209,34
DA:210,34
DA:211,52
DA:212,46
DA:213,42
DA:214,10
DA:215,14
DA:216,95
DA:217,56
DA:218,174
DA:219,10
DA:220,54
DA:221,7
DA:222,9
DA:223,106
DA:224,73
DA:225,62
DA:226,62
DA:227,88
DA:228,122
DA:229,174
DA:230,62
DA:231,18
DA:232,46
DA:233,58
DA:234,126
DA:235,62
DA:236,76
DA:237,14
DA:238,5
DA:239,5
DA:241,148
DA:242,109
DA:243,56
DA:244,120
DA:245,10
DA:246,50
DA:247,5
DA:248,5
DA:253,64
DA:254,46
DA:255,58
DA:256,0
DA:257,0
DA:258,0
DA:259,0
DA:260,0
DA:261,0
DA:262,14
DA:263,61
DA:264,30
DA:265,66
DA:266,38
DA:267,54
DA:268,68
DA:269,9
DA:270,8
DA:272,114
DA:273,90
DA:274,30
DA:275,42
DA:276,38
DA:277,54
DA:278,78
DA:279,64
DA:280,50
DA:281,58
DA:282,70
DA:283,52
DA:284,46
DA:285,40
DA:286,16
DA:287,34
DA:288,34
DA:289,42
DA:290,48
DA:291,40
DA:292,84
DA:293,10
DA:294,14
DA:296,77
DA:297,128
DA:298,9
DA:300,77
DA:304,88
DA:305,140
DA:306,136
DA:307,14
DA:308,9
DA:310,31
DA:311,8
DA:314,52
DA:315,38
DA:316,30
DA:317,50
DA:318,44
DA:319,80
DA:320,66
DA:321,60
DA:322,10
DA:324,24
DA:325,38
DA:326,44
DA:327,88
DA:328,5
DA:333,29
DA:334,10
DA:335,12
DA:336,6
DA:337,50
DA:338,29
DA:339,31
DA:340,65
DA:341,25
DA:342,11
DA:343,85
DA:344,34
DA:345,13
DA:346,36
DA:348,3
DA:349,31
LF:246
LH:240
end_of_record
TN:
SF:src/features/scam-types/scam-types.route.ts
FNF:1
FNH:0
DA:1,32
DA:2,58
DA:3,49
DA:5,46
DA:6,14
DA:7,0
DA:8,0
DA:9,0
DA:10,0
DA:11,0
DA:12,0
DA:13,0
DA:14,0
DA:15,0
DA:16,0
DA:17,0
DA:18,0
DA:19,0
DA:20,2
DA:22,34
DA:23,2
LF:21
LH:8
end_of_record
TN:
SF:src/features/stats/stats.route.ts
FNF:2
FNH:2
DA:1,32
DA:2,55
DA:3,49
DA:5,42
DA:6,9
DA:7,8
DA:8,29
DA:9,56
DA:11,70
DA:12,59
DA:13,27
DA:14,68
DA:15,7
DA:16,29
DA:17,25
DA:18,36
DA:19,35
DA:20,50
DA:21,11
DA:22,4
DA:23,5
DA:25,37
DA:26,72
DA:27,30
DA:28,27
DA:29,0
DA:30,0
DA:31,0
DA:32,0
DA:33,0
DA:34,2
DA:36,89
DA:38,31
DA:39,2
LF:34
LH:29
end_of_record
TN:
SF:src/generated/prisma/client.ts
FNF:1
FNH:1
DA:14,34
DA:15,41
DA:16,71
DA:20,43
DA:21,53
DA:23,34
DA:24,24
DA:40,58
DA:42,17
LF:9
LH:9
end_of_record
TN:
SF:src/generated/prisma/enums.ts
FNF:1
FNH:1
DA:12,26
DA:13,15
DA:14,15
DA:15,2
DA:20,31
DA:21,11
DA:22,9
DA:23,2
DA:28,30
DA:29,21
DA:30,23
DA:31,23
DA:32,21
DA:33,23
DA:34,2
DA:39,32
DA:40,17
DA:41,13
DA:42,15
DA:43,2
DA:48,30
DA:49,17
DA:50,11
DA:51,2
DA:56,38
DA:57,21
DA:58,19
DA:59,15
DA:60,17
DA:61,2
DA:66,30
DA:67,15
DA:68,27
DA:69,15
DA:70,19
DA:71,2
DA:76,32
DA:77,17
DA:78,13
DA:79,13
DA:80,2
DA:85,38
DA:86,29
DA:87,15
DA:88,35
DA:89,2
DA:94,36
DA:95,17
DA:96,25
DA:97,27
DA:98,2
DA:103,29
DA:104,31
DA:105,53
DA:106,35
DA:107,37
DA:108,1
LF:57
LH:57
end_of_record
TN:
SF:src/generated/prisma/internal/class.ts
FNF:4
FNH:1
DA:14,57
DA:18,17
DA:19,22
DA:20,25
DA:21,60
DA:22,31
DA:23,12509
DA:24,23
DA:25,15
DA:26,14
DA:27,11
DA:28,4
DA:29,29
DA:30,16
DA:31,11
DA:32,2
DA:33,2
DA:35,10708
DA:36,34
DA:37,7787
DA:38,52386
DA:39,1
DA:41,0
DA:42,0
DA:43,0
DA:44,1
DA:47,24
DA:48,14
DA:50,0
DA:51,0
DA:52,3
DA:55,42
DA:56,2
DA:332,11
DA:333,38
LF:35
LH:30
end_of_record
TN:
SF:src/generated/prisma/internal/prismaNamespace.ts
FNF:1
FNH:1
DA:18,57
DA:32,83
DA:35,87
DA:38,77
DA:41,87
DA:44,79
DA:50,34
DA:51,35
DA:52,33
DA:53,31
DA:54,31
DA:62,39
DA:71,74
DA:86,31
DA:87,18
DA:88,51
DA:89,2
DA:104,27
DA:105,35
DA:106,39
DA:107,35
DA:108,2
DA:114,37
DA:121,41
DA:128,39
DA:386,27
DA:387,15
DA:388,33
DA:389,23
DA:390,19
DA:391,31
DA:392,39
DA:393,37
DA:394,31
DA:395,25
DA:396,23
DA:397,35
DA:398,25
DA:399,45
DA:400,49
DA:401,2
DA:1469,66
DA:1470,37
DA:1471,33
DA:1472,35
DA:1473,29
DA:1474,3
DA:1479,37
DA:1480,11
DA:1481,29
DA:1482,17
DA:1483,29
DA:1484,15
DA:1485,41
DA:1486,25
DA:1487,25
DA:1488,23
DA:1489,2
DA:1494,46
DA:1495,11
DA:1496,19
DA:1497,29
DA:1498,33
DA:1499,27
DA:1500,25
DA:1501,23
DA:1502,2
DA:1507,41
DA:1508,11
DA:1509,15
DA:1510,21
DA:1511,21
DA:1512,23
DA:1513,29
DA:1514,2
DA:1519,39
DA:1520,11
DA:1521,27
DA:1522,17
DA:1523,29
DA:1524,27
DA:1525,39
DA:1526,47
DA:1527,59
DA:1528,19
DA:1529,31
DA:1530,37
DA:1531,25
DA:1532,25
DA:1533,25
DA:1534,2
DA:1539,45
DA:1540,11
DA:1541,23
DA:1542,29
DA:1543,15
DA:1544,23
DA:1545,25
DA:1546,25
DA:1547,2
DA:1552,49
DA:1553,11
DA:1554,23
DA:1555,21
DA:1556,19
DA:1557,19
DA:1558,23
DA:1559,2
DA:1564,48
DA:1565,23
DA:1566,29
DA:1567,31
DA:1568,23
DA:1569,2
DA:1574,45
DA:1575,11
DA:1576,23
DA:1577,15
DA:1578,17
DA:1579,15
DA:1580,23
DA:1581,19
DA:1582,33
DA:1583,29
DA:1584,25
DA:1585,23
DA:1586,2
DA:1591,42
DA:1592,11
DA:1593,19
DA:1594,23
DA:1595,27
DA:1596,25
DA:1597,2
DA:1602,41
DA:1603,11
DA:1604,19
DA:1605,25
DA:1606,37
DA:1607,25
DA:1608,21
DA:1609,27
DA:1610,25
DA:1611,23
DA:1612,2
DA:1617,47
DA:1618,11
DA:1619,19
DA:1620,35
DA:1621,25
DA:1622,33
DA:1623,25
DA:1624,2
DA:1629,42
DA:1630,11
DA:1631,35
DA:1632,15
DA:1633,21
DA:1634,35
DA:1635,23
DA:1636,2
DA:1641,52
DA:1642,11
DA:1643,25
DA:1644,29
DA:1645,23
DA:1646,25
DA:1647,23
DA:1648,2
DA:1653,55
DA:1654,11
DA:1655,19
DA:1656,29
DA:1657,27
DA:1658,21
DA:1659,2
DA:1664,27
DA:1665,13
DA:1666,13
DA:1667,2
DA:1672,44
DA:1673,9
DA:1674,9
DA:1675,2
DA:1680,27
DA:1681,21
DA:1682,27
DA:1683,2
DA:1688,28
DA:1689,17
DA:1690,13
DA:1691,2
DA:1696,37
DA:1697,9
DA:1698,11
DA:1699,8
DA:1700,2
DA:1962,65
LF:198
LH:198
end_of_record
TN:
SF:src/index.ts
FNF:1
FNH:1
DA:1,32
DA:2,38
DA:3,61
DA:4,55
DA:5,58
DA:6,82
DA:7,64
DA:8,81
DA:9,58
DA:10,60
DA:11,72
DA:13,31
DA:14,12
DA:15,17
DA:16,15
DA:17,16
DA:18,24
DA:19,18
DA:20,23
DA:21,16
DA:22,16
DA:23,21
DA:25,20
DA:26,0
DA:27,0
DA:28,0
LF:26
LH:23
end_of_record
TN:
SF:src/sync/firestore_sync.ts
FNF:6
FNH:6
DA:17,56
DA:18,58
DA:20,21
DA:35,15
DA:36,18
DA:39,6
DA:40,33
DA:41,0
DA:60,12
DA:61,46
DA:64,7
DA:65,42
DA:76,16
DA:77,28
DA:78,86
DA:79,23
DA:80,7
DA:81,6
DA:82,2
DA:84,49
DA:85,32
DA:87,11
DA:88,11
DA:89,52
DA:90,15
DA:91,14
DA:92,19
DA:93,72
DA:94,28
DA:95,9
DA:96,11
DA:98,6
DA:99,2
DA:101,9
DA:102,11
DA:103,52
DA:104,15
DA:105,4
DA:106,7
DA:107,20
DA:108,26
DA:109,13
DA:110,40
DA:111,41
DA:112,41
DA:113,67
DA:114,51
DA:115,3
DA:116,15
DA:117,5
DA:118,17
DA:121,67
DA:122,26
DA:123,36
DA:124,7
DA:125,6
LF:56
LH:55
end_of_record
TN:
SF:../../packages/shared/src/index.ts
FNF:1
FNH:1
DA:1,35
DA:2,31
DA:3,32
DA:4,32
DA:5,40
DA:6,34
DA:7,40
DA:8,33
DA:9,36
LF:9
LH:9
end_of_record
TN:
SF:../../packages/shared/src/schemas/_example.ts
FNF:1
FNH:1
DA:1,41
DA:3,44
DA:4,19
DA:5,2
LF:4
LH:4
end_of_record
TN:
SF:../../packages/shared/src/schemas/admin-reports.ts
FNF:1
FNH:1
DA:1,41
DA:3,41
DA:4,23
DA:5,25
DA:6,22
DA:7,24
DA:8,3
DA:11,46
DA:12,70
DA:13,24
DA:14,28
DA:15,27
DA:16,25
DA:17,24
DA:18,5
DA:19,24
DA:20,48
DA:21,3
DA:24,47
DA:25,38
DA:26,29
DA:27,65
DA:28,26
DA:29,25
DA:30,3
DA:33,44
DA:34,38
DA:35,23
DA:36,30
DA:37,33
DA:38,33
DA:39,52
DA:40,73
DA:41,31
DA:42,46
DA:43,62
DA:44,30
DA:45,3
DA:48,48
DA:49,36
DA:50,45
DA:51,43
DA:52,3
DA:55,47
DA:56,38
DA:57,23
DA:58,29
DA:59,30
DA:60,33
DA:61,33
DA:62,52
DA:63,24
DA:64,28
DA:65,28
DA:66,29
DA:67,26
DA:68,5
DA:69,31
DA:70,61
DA:71,38
DA:72,26
DA:73,24
DA:74,26
DA:75,13
DA:76,5
DA:77,47
DA:78,47
DA:79,81
DA:80,56
DA:81,43
DA:82,30
DA:83,3
DA:86,55
DA:87,26
DA:88,3
DA:91,54
DA:92,38
DA:93,3
DA:96,49
DA:97,38
DA:98,24
DA:99,48
DA:100,2
LF:83
LH:83
end_of_record
TN:
SF:../../packages/shared/src/schemas/announcements.ts
FNF:1
FNH:1
DA:1,41
DA:3,49
DA:4,30
DA:5,23
DA:6,32
DA:7,3
DA:10,46
DA:11,38
DA:12,23
DA:13,25
DA:14,33
DA:15,50
DA:16,3
DA:19,54
DA:20,36
DA:21,3
DA:24,48
DA:25,38
DA:26,23
DA:27,22
DA:28,25
DA:29,33
DA:30,52
DA:31,20
DA:32,3
DA:35,56
DA:36,25
DA:37,2
LF:28
LH:28
end_of_record
TN:
SF:../../packages/shared/src/schemas/ask-ai.ts
FNF:1
FNH:1
DA:1,41
DA:22,49
DA:23,38
DA:24,26
DA:25,42
DA:26,52
DA:27,3
DA:32,54
DA:33,24
DA:34,22
DA:35,24
DA:36,12
DA:37,3
DA:40,45
DA:41,23
DA:42,26
DA:43,3
DA:46,42
DA:47,38
DA:48,25
DA:49,25
DA:50,33
DA:51,50
DA:52,45
DA:53,3
DA:56,54
DA:57,38
DA:58,50
DA:59,54
DA:60,25
DA:61,75
DA:62,3
DA:65,59
DA:66,44
DA:67,3
DA:70,53
DA:71,38
DA:72,50
DA:73,77
DA:74,37
DA:77,37
DA:78,19
DA:79,27
DA:80,33
DA:81,34
DA:82,65
DA:83,54
DA:84,38
DA:85,70
DA:86,7
DA:87,13
DA:88,6
DA:91,68
DA:92,3
DA:95,61
DA:96,50
DA:97,48
DA:98,3
DA:101,59
DA:102,48
DA:103,26
DA:104,40
DA:105,3
DA:111,40
DA:112,55
DA:113,63
DA:114,46
DA:115,61
DA:116,48
DA:117,3
DA:123,40
DA:124,21
DA:125,19
DA:126,3
DA:130,46
DA:131,58
DA:132,78
DA:133,35
DA:134,3
DA:140,49
DA:141,55
DA:142,62
DA:143,47
DA:144,79
DA:145,50
DA:146,34
DA:147,97
DA:148,3
DA:152,52
DA:153,22
DA:154,12
DA:155,3
DA:163,45
DA:164,30
DA:165,35
DA:166,30
DA:167,27
DA:168,3
DA:171,47
DA:172,28
DA:173,33
DA:174,33
DA:175,29
DA:176,32
DA:177,47
DA:178,81
DA:181,73
DA:182,2
LF:108
LH:108
end_of_record
TN:
SF:../../packages/shared/src/schemas/auth.ts
FNF:1
FNH:1
DA:1,41
DA:3,38
DA:4,38
DA:5,29
DA:6,50
DA:7,56
DA:8,66
DA:9,72
DA:10,3
DA:16,46
DA:17,15
DA:18,2
LF:12
LH:12
end_of_record
TN:
SF:../../packages/shared/src/schemas/check.ts
FNF:1
FNH:1
DA:1,41
DA:12,35
DA:13,68
DA:14,65
DA:15,3
DA:18,39
DA:19,3
DA:20,18
DA:21,26
DA:22,17
DA:23,20
DA:24,13
DA:25,114
DA:26,5
DA:27,20
DA:28,12
DA:29,5
DA:30,22
DA:31,18
DA:32,29
DA:33,28
DA:34,29
DA:35,2
DA:36,6
DA:37,22
DA:38,52
DA:39,3
DA:40,3
DA:41,31
DA:42,1
DA:43,2
DA:44,2
DA:45,31
DA:46,3
DA:49,33
DA:50,3
DA:51,23
DA:52,29
DA:53,23
DA:54,24
DA:55,2
DA:56,3
DA:57,13
DA:58,118
DA:60,3
DA:66,40
DA:67,3
DA:68,38
DA:69,55
DA:70,42
DA:71,49
DA:72,2
DA:73,31
DA:74,3
DA:77,40
DA:78,3
DA:79,19
DA:80,45
DA:81,35
DA:82,2
DA:83,31
DA:84,3
DA:90,44
DA:91,3
DA:92,36
DA:93,48
DA:94,2
DA:95,31
DA:96,2
LF:69
LH:69
end_of_record
TN:
SF:../../packages/shared/src/schemas/reports.ts
FNF:1
FNH:1
DA:1,41
DA:3,40
DA:4,38
DA:5,23
DA:6,25
DA:7,30
DA:8,33
DA:9,33
DA:10,51
DA:11,42
DA:12,3
DA:15,48
DA:16,30
DA:17,3
DA:20,48
DA:21,38
DA:22,54
DA:23,65
DA:24,24
DA:25,3
DA:28,50
DA:29,38
DA:30,23
DA:31,29
DA:32,30
DA:33,33
DA:34,33
DA:35,51
DA:36,44
DA:37,61
DA:38,38
DA:39,26
DA:40,24
DA:41,26
DA:42,13
DA:43,5
DA:44,46
DA:45,3
DA:56,56
DA:57,24
DA:58,22
DA:59,22
DA:60,3
DA:62,48
DA:63,24
DA:64,20
DA:65,3
DA:67,46
DA:68,61
DA:69,28
DA:70,58
DA:71,40
DA:72,3
DA:75,55
DA:78,49
DA:79,55
DA:80,63
DA:81,46
DA:82,76
DA:83,94
DA:84,76
DA:85,83
DA:87,71
DA:91,45
DA:92,60
DA:93,2
DA:94,3
DA:97,50
DA:98,38
DA:99,34
DA:100,48
DA:101,2
LF:72
LH:72
end_of_record
TN:
SF:../../packages/shared/src/schemas/scam-types.ts
FNF:1
FNH:1
DA:1,41
DA:3,42
DA:4,22
DA:5,25
DA:6,25
DA:7,29
DA:8,3
DA:11,50
DA:12,32
DA:13,2
LF:10
LH:10
end_of_record
TN:
SF:../../packages/shared/src/schemas/stats.ts
FNF:1
FNH:1
DA:1,41
DA:3,39
DA:4,46
DA:5,44
DA:6,36
DA:7,34
DA:8,3
DA:11,65
LF:8
LH:8
end_of_record
