TN:
SF:src/schemas/check.ts
FNF:1
FNH:1
DA:1,41
DA:12,35
DA:13,68
DA:14,65
DA:15,3
DA:18,39
DA:19,3
DA:20,18
DA:21,26
DA:22,17
DA:23,20
DA:24,13
DA:25,114
DA:26,5
DA:27,20
DA:28,12
DA:29,5
DA:30,22
DA:31,18
DA:32,29
DA:33,28
DA:34,29
DA:35,2
DA:36,6
DA:37,22
DA:38,52
DA:39,3
DA:40,3
DA:41,31
DA:42,1
DA:43,2
DA:44,2
DA:45,31
DA:46,3
DA:49,33
DA:50,3
DA:51,23
DA:52,29
DA:53,23
DA:54,24
DA:55,2
DA:56,3
DA:57,13
DA:58,118
DA:60,3
DA:66,40
DA:67,3
DA:68,38
DA:69,55
DA:70,42
DA:71,49
DA:72,2
DA:73,31
DA:74,3
DA:77,40
DA:78,3
DA:79,19
DA:80,45
DA:81,35
DA:82,2
DA:83,31
DA:84,3
DA:90,44
DA:91,3
DA:92,36
DA:93,48
DA:94,2
DA:95,31
DA:96,2
LF:69
LH:69
end_of_record
